<?xml version="1.0" encoding="UTF-8"?>
<testng-results ignored="0" total="1" passed="1" failed="0" skipped="0">
  <reporter-output>
  </reporter-output>
  <suite started-at="2021-06-23T21:44:17 IST" name="Default suite" finished-at="2021-06-23T21:44:18 IST" duration-ms="1150">
    <groups>
    </groups>
    <test started-at="2021-06-23T21:44:17 IST" name="Default test" finished-at="2021-06-23T21:44:18 IST" duration-ms="1150">
      <class name="excelTesting.ReadExcel">
        <test-method signature="readExcel()[pri:0, instance:excelTesting.ReadExcel@6babf3bf]" started-at="2021-06-23T21:44:17 IST" name="readExcel" finished-at="2021-06-23T21:44:18 IST" duration-ms="1076" status="PASS">
          <reporter-output>
          </reporter-output>
        </test-method> <!-- readExcel -->
      </class> <!-- excelTesting.ReadExcel -->
    </test> <!-- Default test -->
  </suite> <!-- Default suite -->
</testng-results>
